# JRE version: OpenJDK Runtime Environment (17.0.6) (build 17.0.6+0-b2043.56-9586694)
# Java VM: OpenJDK 64-Bit Server VM (17.0.6+0-b2043.56-9586694, mixed mode, tiered, compressed oops, compressed class ptrs, g1 gc, windows-amd64)
GC Precious Log:
 CPUs: 4 total, 4 available
 Memory: 7932M
 Large Page Support: Disabled
 NUMA Support: Disabled
 Compressed Oops: Enabled (32-bit)
 Heap Region Size: 1M
 Heap Min Capacity: 8M
 Heap Initial Capacity: 8M
 Heap Max Capacity: 1984M
 Pre-touch: Disabled
 Parallel Workers: 4
 Concurrent Workers: 1
 Concurrent Refinement Workers: 4
 Periodic GC: Disabled
Heap:
 garbage-first heap   total 10240K, used 4146K [0x0000000084000000, 0x0000000100000000)
  region size 1024K, 1 young (1024K), 1 survivors (1024K)
 Metaspace       used 15747K, committed 15936K, reserved 1064960K
  class space    used 1660K, committed 1792K, reserved 1048576K
GC Heap History (20 events):
Event: 0.922 GC heap after
{Heap after GC invocations=5 (full 0):
 garbage-first heap   total 8192K, used 1195K [0x0000000084000000, 0x0000000100000000)
  region size 1024K, 1 young (1024K), 1 survivors (1024K)
 Metaspace       used 9651K, committed 9856K, reserved 1064960K
  class space    used 998K, committed 1088K, reserved 1048576K
}
Event: 1.232 GC heap before
{Heap before GC invocations=5 (full 0):
 garbage-first heap   total 8192K, used 3243K [0x0000000084000000, 0x0000000100000000)
  region size 1024K, 4 young (4096K), 1 survivors (1024K)
 Metaspace       used 10311K, committed 10496K, reserved 1064960K
  class space    used 1067K, committed 1152K, reserved 1048576K
}
Event: 1.233 GC heap after
{Heap after GC invocations=6 (full 0):
 garbage-first heap   total 8192K, used 1606K [0x0000000084000000, 0x0000000100000000)
  region size 1024K, 1 young (1024K), 1 survivors (1024K)
 Metaspace       used 10311K, committed 10496K, reserved 1064960K
  class space    used 1067K, committed 1152K, reserved 1048576K
}
Event: 1.263 GC heap before
{Heap before GC invocations=6 (full 0):
 garbage-first heap   total 8192K, used 3654K [0x0000000084000000, 0x0000000100000000)
  region size 1024K, 4 young (4096K), 1 survivors (1024K)
 Metaspace       used 11124K, committed 11264K, reserved 1064960K
  class space    used 1182K, committed 1280K, reserved 1048576K
}
Event: 1.265 GC heap after
{Heap after GC invocations=7 (full 0):
 garbage-first heap   total 8192K, used 1611K [0x0000000084000000, 0x0000000100000000)
  region size 1024K, 1 young (1024K), 1 survivors (1024K)
 Metaspace       used 11124K, committed 11264K, reserved 1064960K
  class space    used 1182K, committed 1280K, reserved 1048576K
}
Event: 1.277 GC heap before
{Heap before GC invocations=7 (full 0):
 garbage-first heap   total 8192K, used 2635K [0x0000000084000000, 0x0000000100000000)
  region size 1024K, 3 young (3072K), 1 survivors (1024K)
 Metaspace       used 11596K, committed 11712K, reserved 1064960K
  class space    used 1228K, committed 1280K, reserved 1048576K
}
Event: 1.278 GC heap after
{Heap after GC invocations=8 (full 0):
 garbage-first heap   total 10240K, used 1687K [0x0000000084000000, 0x0000000100000000)
  region size 1024K, 1 young (1024K), 1 survivors (1024K)
 Metaspace       used 11596K, committed 11712K, reserved 1064960K
  class space    used 1228K, committed 1280K, reserved 1048576K
}
Event: 1.421 GC heap before
{Heap before GC invocations=8 (full 0):
 garbage-first heap   total 10240K, used 4759K [0x0000000084000000, 0x0000000100000000)
  region size 1024K, 5 young (5120K), 1 survivors (1024K)
 Metaspace       used 12565K, committed 12736K, reserved 1064960K
  class space    used 1329K, committed 1408K, reserved 1048576K
}
Event: 1.422 GC heap after
{Heap after GC invocations=9 (full 0):
 garbage-first heap   total 10240K, used 2046K [0x0000000084000000, 0x0000000100000000)
  region size 1024K, 1 young (1024K), 1 survivors (1024K)
 Metaspace       used 12565K, committed 12736K, reserved 1064960K
  class space    used 1329K, committed 1408K, reserved 1048576K
}
Event: 1.554 GC heap before
{Heap before GC invocations=9 (full 0):
 garbage-first heap   total 10240K, used 6142K [0x0000000084000000, 0x0000000100000000)
  region size 1024K, 5 young (5120K), 1 survivors (1024K)
 Metaspace       used 13876K, committed 14080K, reserved 1064960K
  class space    used 1490K, committed 1600K, reserved 1048576K
}
Event: 1.555 GC heap after
{Heap after GC invocations=10 (full 0):
 garbage-first heap   total 10240K, used 2189K [0x0000000084000000, 0x0000000100000000)
  region size 1024K, 1 young (1024K), 1 survivors (1024K)
 Metaspace       used 13876K, committed 14080K, reserved 1064960K
  class space    used 1490K, committed 1600K, reserved 1048576K
}
Event: 2.154 GC heap before
{Heap before GC invocations=10 (full 0):
 garbage-first heap   total 10240K, used 6285K [0x0000000084000000, 0x0000000100000000)
  region size 1024K, 5 young (5120K), 1 survivors (1024K)
 Metaspace       used 15322K, committed 15552K, reserved 1064960K
  class space    used 1627K, committed 1728K, reserved 1048576K
}
Event: 2.156 GC heap after
{Heap after GC invocations=11 (full 0):
 garbage-first heap   total 10240K, used 3138K [0x0000000084000000, 0x0000000100000000)
  region size 1024K, 1 young (1024K), 1 survivors (1024K)
 Metaspace       used 15322K, committed 15552K, reserved 1064960K
  class space    used 1627K, committed 1728K, reserved 1048576K
}
Event: 2.190 GC heap before
{Heap before GC invocations=11 (full 0):
 garbage-first heap   total 10240K, used 6210K [0x0000000084000000, 0x0000000100000000)
  region size 1024K, 4 young (4096K), 1 survivors (1024K)
 Metaspace       used 15490K, committed 15680K, reserved 1064960K
  class space    used 1634K, committed 1728K, reserved 1048576K
}
Event: 2.192 GC heap after
{Heap after GC invocations=12 (full 0):
 garbage-first heap   total 10240K, used 3594K [0x0000000084000000, 0x0000000100000000)
  region size 1024K, 1 young (1024K), 1 survivors (1024K)
 Metaspace       used 15490K, committed 15680K, reserved 1064960K
  class space    used 1634K, committed 1728K, reserved 1048576K
}
Event: 2.202 GC heap before
{Heap before GC invocations=12 (full 0):
 garbage-first heap   total 10240K, used 5642K [0x0000000084000000, 0x0000000100000000)
  region size 1024K, 3 young (3072K), 1 survivors (1024K)
 Metaspace       used 15517K, committed 15744K, reserved 1064960K
  class space    used 1634K, committed 1728K, reserved 1048576K
}
Event: 2.204 GC heap after
{Heap after GC invocations=13 (full 0):
 garbage-first heap   total 10240K, used 3750K [0x0000000084000000, 0x0000000100000000)
  region size 1024K, 1 young (1024K), 1 survivors (1024K)
 Metaspace       used 15517K, committed 15744K, reserved 1064960K
  class space    used 1634K, committed 1728K, reserved 1048576K
}
Event: 2.213 GC heap before
{Heap before GC invocations=13 (full 0):
 garbage-first heap   total 10240K, used 5798K [0x0000000084000000, 0x0000000100000000)
  region size 1024K, 3 young (3072K), 1 survivors (1024K)
 Metaspace       used 15543K, committed 15744K, reserved 1064960K
  class space    used 1634K, committed 1728K, reserved 1048576K
}
Event: 2.214 GC heap after
{Heap after GC invocations=14 (full 0):
 garbage-first heap   total 10240K, used 4022K [0x0000000084000000, 0x0000000100000000)
  region size 1024K, 1 young (1024K), 1 survivors (1024K)
 Metaspace       used 15543K, committed 15744K, reserved 1064960K
  class space    used 1634K, committed 1728K, reserved 1048576K
}
Event: 2.226 GC heap before
{Heap before GC invocations=14 (full 0):
 garbage-first heap   total 10240K, used 6070K [0x0000000084000000, 0x0000000100000000)
  region size 1024K, 3 young (3072K), 1 survivors (1024K)
 Metaspace       used 15747K, committed 15936K, reserved 1064960K
  class space    used 1660K, committed 1792K, reserved 1048576K
}

